{"D:\\Downloads\\source\\repos\\branas_arquitetura\\dist\\src\\exemplo01_ride\\Circle.js": {"path":"D:\\Downloads\\source\\repos\\branas_arquitetura\\dist\\src\\exemplo01_ride\\Circle.js","statementMap":{"0":{"start":{"line":2,"column":0},"end":{"line":2,"column":62}},"1":{"start":{"line":5,"column":8},"end":{"line":5,"column":29}},"2":{"start":{"line":8,"column":8},"end":{"line":8,"column":41}},"3":{"start":{"line":11,"column":0},"end":{"line":11,"column":25}}},"fnMap":{"0":{"name":"(anonymous_0)","decl":{"start":{"line":4,"column":4},"end":{"line":4,"column":5}},"loc":{"start":{"line":4,"column":24},"end":{"line":6,"column":5}},"line":4},"1":{"name":"(anonymous_1)","decl":{"start":{"line":7,"column":4},"end":{"line":7,"column":5}},"loc":{"start":{"line":7,"column":14},"end":{"line":9,"column":5}},"line":7}},"branchMap":{},"s":{"0":1,"1":1,"2":1,"3":1},"f":{"0":1,"1":1},"b":{},"inputSourceMap":null,"_coverageSchema":"1a1c01bbd47fc00a2c39e90264f33305004495a9","hash":"d57604bcf3e890001d2a1f1e7e1cfa6c77d96d09"}
,"D:\\Downloads\\source\\repos\\branas_arquitetura\\dist\\src\\exemplo01_ride\\NormalFareCalculator.js": {"path":"D:\\Downloads\\source\\repos\\branas_arquitetura\\dist\\src\\exemplo01_ride\\NormalFareCalculator.js","statementMap":{"0":{"start":{"line":2,"column":0},"end":{"line":2,"column":62}},"1":{"start":{"line":9,"column":8},"end":{"line":9,"column":25}},"2":{"start":{"line":10,"column":8},"end":{"line":10,"column":25}},"3":{"start":{"line":14,"column":8},"end":{"line":16,"column":9}},"4":{"start":{"line":15,"column":12},"end":{"line":15,"column":48}},"5":{"start":{"line":17,"column":8},"end":{"line":18,"column":32}},"6":{"start":{"line":18,"column":12},"end":{"line":18,"column":32}},"7":{"start":{"line":19,"column":8},"end":{"line":19,"column":91}},"8":{"start":{"line":22,"column":0},"end":{"line":22,"column":39}}},"fnMap":{"0":{"name":"(anonymous_0)","decl":{"start":{"line":8,"column":4},"end":{"line":8,"column":5}},"loc":{"start":{"line":8,"column":22},"end":{"line":11,"column":5}},"line":8},"1":{"name":"(anonymous_1)","decl":{"start":{"line":12,"column":4},"end":{"line":12,"column":5}},"loc":{"start":{"line":12,"column":23},"end":{"line":20,"column":5}},"line":12}},"branchMap":{"0":{"loc":{"start":{"line":14,"column":8},"end":{"line":16,"column":9}},"type":"if","locations":[{"start":{"line":14,"column":8},"end":{"line":16,"column":9}},{"start":{},"end":{}}],"line":14},"1":{"loc":{"start":{"line":14,"column":12},"end":{"line":14,"column":57}},"type":"binary-expr","locations":[{"start":{"line":14,"column":12},"end":{"line":14,"column":34}},{"start":{"line":14,"column":38},"end":{"line":14,"column":57}}],"line":14},"2":{"loc":{"start":{"line":17,"column":8},"end":{"line":18,"column":32}},"type":"if","locations":[{"start":{"line":17,"column":8},"end":{"line":18,"column":32}},{"start":{},"end":{}}],"line":17},"3":{"loc":{"start":{"line":19,"column":15},"end":{"line":19,"column":90}},"type":"cond-expr","locations":[{"start":{"line":19,"column":60},"end":{"line":19,"column":66}},{"start":{"line":19,"column":69},"end":{"line":19,"column":90}}],"line":19},"4":{"loc":{"start":{"line":19,"column":15},"end":{"line":19,"column":57}},"type":"binary-expr","locations":[{"start":{"line":19,"column":15},"end":{"line":19,"column":40}},{"start":{"line":19,"column":44},"end":{"line":19,"column":57}}],"line":19}},"s":{"0":1,"1":8,"2":8,"3":3,"4":3,"5":0,"6":0,"7":0,"8":1},"f":{"0":8,"1":3},"b":{"0":[3,0],"1":[3,3],"2":[0,0],"3":[0,0],"4":[0,0]},"inputSourceMap":null,"_coverageSchema":"1a1c01bbd47fc00a2c39e90264f33305004495a9","hash":"14a5aad64f7edf281ac2bb112b166a24a77ed186"}
,"D:\\Downloads\\source\\repos\\branas_arquitetura\\dist\\src\\exemplo01_ride\\OvernightFareCalculator.js": {"path":"D:\\Downloads\\source\\repos\\branas_arquitetura\\dist\\src\\exemplo01_ride\\OvernightFareCalculator.js","statementMap":{"0":{"start":{"line":2,"column":0},"end":{"line":2,"column":62}},"1":{"start":{"line":9,"column":8},"end":{"line":9,"column":25}},"2":{"start":{"line":10,"column":8},"end":{"line":10,"column":25}},"3":{"start":{"line":14,"column":8},"end":{"line":16,"column":9}},"4":{"start":{"line":15,"column":12},"end":{"line":15,"column":48}},"5":{"start":{"line":17,"column":8},"end":{"line":18,"column":32}},"6":{"start":{"line":18,"column":12},"end":{"line":18,"column":32}},"7":{"start":{"line":19,"column":8},"end":{"line":19,"column":91}},"8":{"start":{"line":22,"column":0},"end":{"line":22,"column":42}}},"fnMap":{"0":{"name":"(anonymous_0)","decl":{"start":{"line":8,"column":4},"end":{"line":8,"column":5}},"loc":{"start":{"line":8,"column":22},"end":{"line":11,"column":5}},"line":8},"1":{"name":"(anonymous_1)","decl":{"start":{"line":12,"column":4},"end":{"line":12,"column":5}},"loc":{"start":{"line":12,"column":23},"end":{"line":20,"column":5}},"line":12}},"branchMap":{"0":{"loc":{"start":{"line":14,"column":8},"end":{"line":16,"column":9}},"type":"if","locations":[{"start":{"line":14,"column":8},"end":{"line":16,"column":9}},{"start":{},"end":{}}],"line":14},"1":{"loc":{"start":{"line":14,"column":12},"end":{"line":14,"column":56}},"type":"binary-expr","locations":[{"start":{"line":14,"column":12},"end":{"line":14,"column":33}},{"start":{"line":14,"column":37},"end":{"line":14,"column":56}}],"line":14},"2":{"loc":{"start":{"line":17,"column":8},"end":{"line":18,"column":32}},"type":"if","locations":[{"start":{"line":17,"column":8},"end":{"line":18,"column":32}},{"start":{},"end":{}}],"line":17},"3":{"loc":{"start":{"line":19,"column":15},"end":{"line":19,"column":90}},"type":"cond-expr","locations":[{"start":{"line":19,"column":60},"end":{"line":19,"column":66}},{"start":{"line":19,"column":69},"end":{"line":19,"column":90}}],"line":19},"4":{"loc":{"start":{"line":19,"column":15},"end":{"line":19,"column":57}},"type":"binary-expr","locations":[{"start":{"line":19,"column":15},"end":{"line":19,"column":40}},{"start":{"line":19,"column":44},"end":{"line":19,"column":57}}],"line":19}},"s":{"0":1,"1":8,"2":8,"3":7,"4":2,"5":5,"6":0,"7":5,"8":1},"f":{"0":8,"1":7},"b":{"0":[2,5],"1":[7,3],"2":[0,5],"3":[0,5],"4":[5,5]},"inputSourceMap":null,"_coverageSchema":"1a1c01bbd47fc00a2c39e90264f33305004495a9","hash":"52bcbfe5f2c9d8f5151341c253880a911cb1dac2"}
,"D:\\Downloads\\source\\repos\\branas_arquitetura\\dist\\src\\exemplo01_ride\\OvernightSundayFareCalculator.js": {"path":"D:\\Downloads\\source\\repos\\branas_arquitetura\\dist\\src\\exemplo01_ride\\OvernightSundayFareCalculator.js","statementMap":{"0":{"start":{"line":2,"column":0},"end":{"line":2,"column":62}},"1":{"start":{"line":9,"column":8},"end":{"line":9,"column":25}},"2":{"start":{"line":10,"column":8},"end":{"line":10,"column":22}},"3":{"start":{"line":14,"column":8},"end":{"line":16,"column":9}},"4":{"start":{"line":15,"column":12},"end":{"line":15,"column":48}},"5":{"start":{"line":17,"column":8},"end":{"line":18,"column":32}},"6":{"start":{"line":18,"column":12},"end":{"line":18,"column":32}},"7":{"start":{"line":19,"column":8},"end":{"line":19,"column":91}},"8":{"start":{"line":22,"column":0},"end":{"line":22,"column":48}}},"fnMap":{"0":{"name":"(anonymous_0)","decl":{"start":{"line":8,"column":4},"end":{"line":8,"column":5}},"loc":{"start":{"line":8,"column":22},"end":{"line":11,"column":5}},"line":8},"1":{"name":"(anonymous_1)","decl":{"start":{"line":12,"column":4},"end":{"line":12,"column":5}},"loc":{"start":{"line":12,"column":23},"end":{"line":20,"column":5}},"line":12}},"branchMap":{"0":{"loc":{"start":{"line":14,"column":8},"end":{"line":16,"column":9}},"type":"if","locations":[{"start":{"line":14,"column":8},"end":{"line":16,"column":9}},{"start":{},"end":{}}],"line":14},"1":{"loc":{"start":{"line":14,"column":12},"end":{"line":14,"column":55}},"type":"binary-expr","locations":[{"start":{"line":14,"column":12},"end":{"line":14,"column":33}},{"start":{"line":14,"column":37},"end":{"line":14,"column":55}}],"line":14},"2":{"loc":{"start":{"line":17,"column":8},"end":{"line":18,"column":32}},"type":"if","locations":[{"start":{"line":17,"column":8},"end":{"line":18,"column":32}},{"start":{},"end":{}}],"line":17},"3":{"loc":{"start":{"line":19,"column":15},"end":{"line":19,"column":90}},"type":"cond-expr","locations":[{"start":{"line":19,"column":60},"end":{"line":19,"column":66}},{"start":{"line":19,"column":69},"end":{"line":19,"column":90}}],"line":19},"4":{"loc":{"start":{"line":19,"column":15},"end":{"line":19,"column":57}},"type":"binary-expr","locations":[{"start":{"line":19,"column":15},"end":{"line":19,"column":40}},{"start":{"line":19,"column":44},"end":{"line":19,"column":57}}],"line":19}},"s":{"0":1,"1":8,"2":8,"3":5,"4":1,"5":4,"6":0,"7":4,"8":1},"f":{"0":8,"1":5},"b":{"0":[1,4],"1":[5,1],"2":[0,4],"3":[0,4],"4":[4,4]},"inputSourceMap":null,"_coverageSchema":"1a1c01bbd47fc00a2c39e90264f33305004495a9","hash":"b3ef3436fe7982e703e6143df9aa89c124468bec"}
,"D:\\Downloads\\source\\repos\\branas_arquitetura\\dist\\src\\exemplo01_ride\\Ride.js": {"path":"D:\\Downloads\\source\\repos\\branas_arquitetura\\dist\\src\\exemplo01_ride\\Ride.js","statementMap":{"0":{"start":{"line":2,"column":22},"end":{"line":4,"column":1}},"1":{"start":{"line":3,"column":4},"end":{"line":3,"column":62}},"2":{"start":{"line":5,"column":0},"end":{"line":5,"column":62}},"3":{"start":{"line":6,"column":18},"end":{"line":6,"column":55}},"4":{"start":{"line":9,"column":8},"end":{"line":9,"column":45}},"5":{"start":{"line":10,"column":8},"end":{"line":10,"column":31}},"6":{"start":{"line":17,"column":8},"end":{"line":17,"column":27}},"7":{"start":{"line":20,"column":8},"end":{"line":20,"column":66}},"8":{"start":{"line":23,"column":19},"end":{"line":23,"column":20}},"9":{"start":{"line":24,"column":8},"end":{"line":26,"column":9}},"10":{"start":{"line":25,"column":12},"end":{"line":25,"column":59}},"11":{"start":{"line":27,"column":8},"end":{"line":27,"column":69}},"12":{"start":{"line":30,"column":0},"end":{"line":30,"column":23}}},"fnMap":{"0":{"name":"(anonymous_0)","decl":{"start":{"line":2,"column":56},"end":{"line":2,"column":57}},"loc":{"start":{"line":2,"column":71},"end":{"line":4,"column":1}},"line":2},"1":{"name":"(anonymous_1)","decl":{"start":{"line":8,"column":4},"end":{"line":8,"column":5}},"loc":{"start":{"line":8,"column":32},"end":{"line":18,"column":5}},"line":8},"2":{"name":"(anonymous_2)","decl":{"start":{"line":19,"column":4},"end":{"line":19,"column":5}},"loc":{"start":{"line":19,"column":31},"end":{"line":21,"column":5}},"line":19},"3":{"name":"(anonymous_3)","decl":{"start":{"line":22,"column":4},"end":{"line":22,"column":5}},"loc":{"start":{"line":22,"column":13},"end":{"line":28,"column":5}},"line":22}},"branchMap":{"0":{"loc":{"start":{"line":2,"column":22},"end":{"line":4,"column":1}},"type":"binary-expr","locations":[{"start":{"line":2,"column":23},"end":{"line":2,"column":27}},{"start":{"line":2,"column":31},"end":{"line":2,"column":51}},{"start":{"line":2,"column":56},"end":{"line":4,"column":1}}],"line":2},"1":{"loc":{"start":{"line":3,"column":11},"end":{"line":3,"column":61}},"type":"cond-expr","locations":[{"start":{"line":3,"column":37},"end":{"line":3,"column":40}},{"start":{"line":3,"column":43},"end":{"line":3,"column":61}}],"line":3},"2":{"loc":{"start":{"line":3,"column":12},"end":{"line":3,"column":33}},"type":"binary-expr","locations":[{"start":{"line":3,"column":12},"end":{"line":3,"column":15}},{"start":{"line":3,"column":19},"end":{"line":3,"column":33}}],"line":3},"3":{"loc":{"start":{"line":27,"column":15},"end":{"line":27,"column":68}},"type":"cond-expr","locations":[{"start":{"line":27,"column":44},"end":{"line":27,"column":48}},{"start":{"line":27,"column":51},"end":{"line":27,"column":68}}],"line":27}},"s":{"0":1,"1":1,"2":1,"3":1,"4":8,"5":8,"6":8,"7":9,"8":6,"9":6,"10":7,"11":6,"12":1},"f":{"0":1,"1":8,"2":9,"3":6},"b":{"0":[1,1,1],"1":[1,0],"2":[1,1],"3":[5,1]},"inputSourceMap":null,"_coverageSchema":"1a1c01bbd47fc00a2c39e90264f33305004495a9","hash":"53ad7a3a01020cd367d2f22105fc6d4b18a96ecf"}
,"D:\\Downloads\\source\\repos\\branas_arquitetura\\dist\\src\\exemplo01_ride\\Segment.js": {"path":"D:\\Downloads\\source\\repos\\branas_arquitetura\\dist\\src\\exemplo01_ride\\Segment.js","statementMap":{"0":{"start":{"line":2,"column":0},"end":{"line":2,"column":62}},"1":{"start":{"line":5,"column":8},"end":{"line":5,"column":33}},"2":{"start":{"line":6,"column":8},"end":{"line":6,"column":25}},"3":{"start":{"line":7,"column":8},"end":{"line":7,"column":34}},"4":{"start":{"line":8,"column":8},"end":{"line":8,"column":31}},"5":{"start":{"line":9,"column":8},"end":{"line":9,"column":24}},"6":{"start":{"line":10,"column":8},"end":{"line":11,"column":48}},"7":{"start":{"line":11,"column":12},"end":{"line":11,"column":48}},"8":{"start":{"line":12,"column":8},"end":{"line":13,"column":44}},"9":{"start":{"line":13,"column":12},"end":{"line":13,"column":44}},"10":{"start":{"line":16,"column":8},"end":{"line":16,"column":105}},"11":{"start":{"line":19,"column":8},"end":{"line":19,"column":111}},"12":{"start":{"line":22,"column":8},"end":{"line":22,"column":106}},"13":{"start":{"line":25,"column":8},"end":{"line":25,"column":50}},"14":{"start":{"line":28,"column":0},"end":{"line":28,"column":26}}},"fnMap":{"0":{"name":"(anonymous_0)","decl":{"start":{"line":4,"column":4},"end":{"line":4,"column":5}},"loc":{"start":{"line":4,"column":32},"end":{"line":14,"column":5}},"line":4},"1":{"name":"(anonymous_1)","decl":{"start":{"line":15,"column":4},"end":{"line":15,"column":5}},"loc":{"start":{"line":15,"column":30},"end":{"line":17,"column":5}},"line":15},"2":{"name":"(anonymous_2)","decl":{"start":{"line":18,"column":4},"end":{"line":18,"column":5}},"loc":{"start":{"line":18,"column":22},"end":{"line":20,"column":5}},"line":18},"3":{"name":"(anonymous_3)","decl":{"start":{"line":21,"column":4},"end":{"line":21,"column":5}},"loc":{"start":{"line":21,"column":18},"end":{"line":23,"column":5}},"line":21},"4":{"name":"(anonymous_4)","decl":{"start":{"line":24,"column":4},"end":{"line":24,"column":5}},"loc":{"start":{"line":24,"column":15},"end":{"line":26,"column":5}},"line":24}},"branchMap":{"0":{"loc":{"start":{"line":10,"column":8},"end":{"line":11,"column":48}},"type":"if","locations":[{"start":{"line":10,"column":8},"end":{"line":11,"column":48}},{"start":{},"end":{}}],"line":10},"1":{"loc":{"start":{"line":12,"column":8},"end":{"line":13,"column":44}},"type":"if","locations":[{"start":{"line":12,"column":8},"end":{"line":13,"column":44}},{"start":{},"end":{}}],"line":12},"2":{"loc":{"start":{"line":16,"column":15},"end":{"line":16,"column":104}},"type":"binary-expr","locations":[{"start":{"line":16,"column":15},"end":{"line":16,"column":31}},{"start":{"line":16,"column":35},"end":{"line":16,"column":56}},{"start":{"line":16,"column":60},"end":{"line":16,"column":88}},{"start":{"line":16,"column":92},"end":{"line":16,"column":104}}],"line":16},"3":{"loc":{"start":{"line":19,"column":15},"end":{"line":19,"column":110}},"type":"binary-expr","locations":[{"start":{"line":19,"column":15},"end":{"line":19,"column":27}},{"start":{"line":19,"column":31},"end":{"line":19,"column":48}},{"start":{"line":19,"column":52},"end":{"line":19,"column":72}},{"start":{"line":19,"column":76},"end":{"line":19,"column":110}}],"line":19},"4":{"loc":{"start":{"line":22,"column":15},"end":{"line":22,"column":105}},"type":"binary-expr","locations":[{"start":{"line":22,"column":15},"end":{"line":22,"column":59}},{"start":{"line":22,"column":63},"end":{"line":22,"column":105}}],"line":22}},"s":{"0":1,"1":9,"2":9,"3":9,"4":9,"5":9,"6":9,"7":1,"8":8,"9":1,"10":9,"11":8,"12":16,"13":11,"14":1},"f":{"0":9,"1":9,"2":8,"3":16,"4":11},"b":{"0":[1,8],"1":[1,7],"2":[9,9,9,9],"3":[8,8,8,8],"4":[16,12]},"inputSourceMap":null,"_coverageSchema":"1a1c01bbd47fc00a2c39e90264f33305004495a9","hash":"62fe7a9de5c7320ee89468bc40e5f1f193d85cb8"}
,"D:\\Downloads\\source\\repos\\branas_arquitetura\\dist\\src\\exemplo01_ride\\SundayFareCalculator.js": {"path":"D:\\Downloads\\source\\repos\\branas_arquitetura\\dist\\src\\exemplo01_ride\\SundayFareCalculator.js","statementMap":{"0":{"start":{"line":2,"column":0},"end":{"line":2,"column":62}},"1":{"start":{"line":9,"column":8},"end":{"line":9,"column":25}},"2":{"start":{"line":10,"column":8},"end":{"line":10,"column":25}},"3":{"start":{"line":14,"column":8},"end":{"line":16,"column":9}},"4":{"start":{"line":15,"column":12},"end":{"line":15,"column":48}},"5":{"start":{"line":17,"column":8},"end":{"line":18,"column":32}},"6":{"start":{"line":18,"column":12},"end":{"line":18,"column":32}},"7":{"start":{"line":19,"column":8},"end":{"line":19,"column":91}},"8":{"start":{"line":22,"column":0},"end":{"line":22,"column":39}}},"fnMap":{"0":{"name":"(anonymous_0)","decl":{"start":{"line":8,"column":4},"end":{"line":8,"column":5}},"loc":{"start":{"line":8,"column":22},"end":{"line":11,"column":5}},"line":8},"1":{"name":"(anonymous_1)","decl":{"start":{"line":12,"column":4},"end":{"line":12,"column":5}},"loc":{"start":{"line":12,"column":23},"end":{"line":20,"column":5}},"line":12}},"branchMap":{"0":{"loc":{"start":{"line":14,"column":8},"end":{"line":16,"column":9}},"type":"if","locations":[{"start":{"line":14,"column":8},"end":{"line":16,"column":9}},{"start":{},"end":{}}],"line":14},"1":{"loc":{"start":{"line":14,"column":12},"end":{"line":14,"column":56}},"type":"binary-expr","locations":[{"start":{"line":14,"column":12},"end":{"line":14,"column":30}},{"start":{"line":14,"column":34},"end":{"line":14,"column":56}}],"line":14},"2":{"loc":{"start":{"line":17,"column":8},"end":{"line":18,"column":32}},"type":"if","locations":[{"start":{"line":17,"column":8},"end":{"line":18,"column":32}},{"start":{},"end":{}}],"line":17},"3":{"loc":{"start":{"line":19,"column":15},"end":{"line":19,"column":90}},"type":"cond-expr","locations":[{"start":{"line":19,"column":60},"end":{"line":19,"column":66}},{"start":{"line":19,"column":69},"end":{"line":19,"column":90}}],"line":19},"4":{"loc":{"start":{"line":19,"column":15},"end":{"line":19,"column":57}},"type":"binary-expr","locations":[{"start":{"line":19,"column":15},"end":{"line":19,"column":40}},{"start":{"line":19,"column":44},"end":{"line":19,"column":57}}],"line":19}},"s":{"0":1,"1":8,"2":8,"3":4,"4":1,"5":3,"6":0,"7":3,"8":1},"f":{"0":8,"1":4},"b":{"0":[1,3],"1":[4,1],"2":[0,3],"3":[0,3],"4":[3,3]},"inputSourceMap":null,"_coverageSchema":"1a1c01bbd47fc00a2c39e90264f33305004495a9","hash":"1b3ebc070ec616783c4155a16fd009a032bc55d2"}
,"D:\\Downloads\\source\\repos\\branas_arquitetura\\dist\\src\\exemplo01_ride\\calculateRide.js": {"path":"D:\\Downloads\\source\\repos\\branas_arquitetura\\dist\\src\\exemplo01_ride\\calculateRide.js","statementMap":{"0":{"start":{"line":2,"column":0},"end":{"line":2,"column":62}},"1":{"start":{"line":3,"column":0},"end":{"line":3,"column":31}},"2":{"start":{"line":5,"column":23},"end":{"line":5,"column":27}},"3":{"start":{"line":6,"column":20},"end":{"line":6,"column":24}},"4":{"start":{"line":7,"column":30},"end":{"line":7,"column":31}},"5":{"start":{"line":8,"column":20},"end":{"line":8,"column":23}},"6":{"start":{"line":9,"column":24},"end":{"line":9,"column":26}},"7":{"start":{"line":10,"column":22},"end":{"line":10,"column":23}},"8":{"start":{"line":11,"column":21},"end":{"line":11,"column":23}},"9":{"start":{"line":13,"column":4},"end":{"line":13,"column":82}},"10":{"start":{"line":16,"column":4},"end":{"line":16,"column":31}},"11":{"start":{"line":19,"column":4},"end":{"line":19,"column":101}},"12":{"start":{"line":22,"column":4},"end":{"line":22,"column":107}},"13":{"start":{"line":25,"column":15},"end":{"line":25,"column":16}},"14":{"start":{"line":26,"column":4},"end":{"line":44,"column":5}},"15":{"start":{"line":27,"column":8},"end":{"line":28,"column":48}},"16":{"start":{"line":28,"column":12},"end":{"line":28,"column":48}},"17":{"start":{"line":29,"column":8},"end":{"line":30,"column":44}},"18":{"start":{"line":30,"column":12},"end":{"line":30,"column":44}},"19":{"start":{"line":31,"column":8},"end":{"line":34,"column":9}},"20":{"start":{"line":32,"column":12},"end":{"line":32,"column":54}},"21":{"start":{"line":33,"column":12},"end":{"line":33,"column":21}},"22":{"start":{"line":35,"column":8},"end":{"line":38,"column":9}},"23":{"start":{"line":36,"column":12},"end":{"line":36,"column":61}},"24":{"start":{"line":37,"column":12},"end":{"line":37,"column":21}},"25":{"start":{"line":39,"column":8},"end":{"line":42,"column":9}},"26":{"start":{"line":40,"column":12},"end":{"line":40,"column":51}},"27":{"start":{"line":41,"column":12},"end":{"line":41,"column":21}},"28":{"start":{"line":43,"column":8},"end":{"line":43,"column":47}},"29":{"start":{"line":45,"column":4},"end":{"line":45,"column":55}},"30":{"start":{"line":47,"column":0},"end":{"line":47,"column":38}}},"fnMap":{"0":{"name":"isOvernight","decl":{"start":{"line":12,"column":9},"end":{"line":12,"column":20}},"loc":{"start":{"line":12,"column":27},"end":{"line":14,"column":1}},"line":12},"1":{"name":"isSunday","decl":{"start":{"line":15,"column":9},"end":{"line":15,"column":17}},"loc":{"start":{"line":15,"column":24},"end":{"line":17,"column":1}},"line":15},"2":{"name":"isValidDistance","decl":{"start":{"line":18,"column":9},"end":{"line":18,"column":24}},"loc":{"start":{"line":18,"column":35},"end":{"line":20,"column":1}},"line":18},"3":{"name":"isValidDate","decl":{"start":{"line":21,"column":9},"end":{"line":21,"column":20}},"loc":{"start":{"line":21,"column":27},"end":{"line":23,"column":1}},"line":21},"4":{"name":"calculateRide","decl":{"start":{"line":24,"column":9},"end":{"line":24,"column":22}},"loc":{"start":{"line":24,"column":33},"end":{"line":46,"column":1}},"line":24}},"branchMap":{"0":{"loc":{"start":{"line":13,"column":11},"end":{"line":13,"column":81}},"type":"binary-expr","locations":[{"start":{"line":13,"column":11},"end":{"line":13,"column":45}},{"start":{"line":13,"column":49},"end":{"line":13,"column":81}}],"line":13},"1":{"loc":{"start":{"line":19,"column":11},"end":{"line":19,"column":100}},"type":"binary-expr","locations":[{"start":{"line":19,"column":11},"end":{"line":19,"column":27}},{"start":{"line":19,"column":31},"end":{"line":19,"column":52}},{"start":{"line":19,"column":56},"end":{"line":19,"column":84}},{"start":{"line":19,"column":88},"end":{"line":19,"column":100}}],"line":19},"2":{"loc":{"start":{"line":22,"column":11},"end":{"line":22,"column":106}},"type":"binary-expr","locations":[{"start":{"line":22,"column":11},"end":{"line":22,"column":23}},{"start":{"line":22,"column":27},"end":{"line":22,"column":44}},{"start":{"line":22,"column":48},"end":{"line":22,"column":68}},{"start":{"line":22,"column":72},"end":{"line":22,"column":106}}],"line":22},"3":{"loc":{"start":{"line":27,"column":8},"end":{"line":28,"column":48}},"type":"if","locations":[{"start":{"line":27,"column":8},"end":{"line":28,"column":48}},{"start":{},"end":{}}],"line":27},"4":{"loc":{"start":{"line":29,"column":8},"end":{"line":30,"column":44}},"type":"if","locations":[{"start":{"line":29,"column":8},"end":{"line":30,"column":44}},{"start":{},"end":{}}],"line":29},"5":{"loc":{"start":{"line":31,"column":8},"end":{"line":34,"column":9}},"type":"if","locations":[{"start":{"line":31,"column":8},"end":{"line":34,"column":9}},{"start":{},"end":{}}],"line":31},"6":{"loc":{"start":{"line":31,"column":12},"end":{"line":31,"column":64}},"type":"binary-expr","locations":[{"start":{"line":31,"column":12},"end":{"line":31,"column":37}},{"start":{"line":31,"column":41},"end":{"line":31,"column":64}}],"line":31},"7":{"loc":{"start":{"line":35,"column":8},"end":{"line":38,"column":9}},"type":"if","locations":[{"start":{"line":35,"column":8},"end":{"line":38,"column":9}},{"start":{},"end":{}}],"line":35},"8":{"loc":{"start":{"line":35,"column":12},"end":{"line":35,"column":63}},"type":"binary-expr","locations":[{"start":{"line":35,"column":12},"end":{"line":35,"column":37}},{"start":{"line":35,"column":41},"end":{"line":35,"column":63}}],"line":35},"9":{"loc":{"start":{"line":39,"column":8},"end":{"line":42,"column":9}},"type":"if","locations":[{"start":{"line":39,"column":8},"end":{"line":42,"column":9}},{"start":{},"end":{}}],"line":39},"10":{"loc":{"start":{"line":45,"column":11},"end":{"line":45,"column":54}},"type":"cond-expr","locations":[{"start":{"line":45,"column":35},"end":{"line":45,"column":39}},{"start":{"line":45,"column":42},"end":{"line":45,"column":54}}],"line":45}},"s":{"0":1,"1":1,"2":1,"3":1,"4":1,"5":1,"6":1,"7":1,"8":1,"9":12,"10":8,"11":9,"12":8,"13":8,"14":8,"15":9,"16":1,"17":8,"18":1,"19":7,"20":2,"21":2,"22":5,"23":1,"24":1,"25":4,"26":1,"27":1,"28":3,"29":6,"30":1},"f":{"0":12,"1":8,"2":9,"3":8,"4":8},"b":{"0":[12,8],"1":[9,9,9,9],"2":[8,8,8,8],"3":[1,8],"4":[1,7],"5":[2,5],"6":[7,3],"7":[1,4],"8":[5,1],"9":[1,3],"10":[5,1]},"inputSourceMap":null,"_coverageSchema":"1a1c01bbd47fc00a2c39e90264f33305004495a9","hash":"dd6bb83b9b52b60002bc40b1f207ec5ed59805c5"}
,"D:\\Downloads\\source\\repos\\branas_arquitetura\\dist\\src\\exemplo02_cpf\\before\\cpf.js": {"path":"D:\\Downloads\\source\\repos\\branas_arquitetura\\dist\\src\\exemplo02_cpf\\before\\cpf.js","statementMap":{"0":{"start":{"line":2,"column":0},"end":{"line":2,"column":62}},"1":{"start":{"line":3,"column":0},"end":{"line":3,"column":26}},"2":{"start":{"line":6,"column":4},"end":{"line":57,"column":21}},"3":{"start":{"line":7,"column":8},"end":{"line":54,"column":9}},"4":{"start":{"line":8,"column":12},"end":{"line":53,"column":29}},"5":{"start":{"line":9,"column":16},"end":{"line":13,"column":38}},"6":{"start":{"line":14,"column":16},"end":{"line":50,"column":33}},"7":{"start":{"line":14,"column":46},"end":{"line":14,"column":58}},"8":{"start":{"line":15,"column":20},"end":{"line":47,"column":21}},"9":{"start":{"line":20,"column":24},"end":{"line":20,"column":36}},"10":{"start":{"line":21,"column":24},"end":{"line":21,"column":45}},"11":{"start":{"line":22,"column":24},"end":{"line":30,"column":25}},"12":{"start":{"line":22,"column":42},"end":{"line":22,"column":43}},"13":{"start":{"line":26,"column":28},"end":{"line":26,"column":81}},"14":{"start":{"line":27,"column":28},"end":{"line":27,"column":61}},"15":{"start":{"line":28,"column":28},"end":{"line":28,"column":61}},"16":{"start":{"line":32,"column":24},"end":{"line":32,"column":41}},"17":{"start":{"line":33,"column":24},"end":{"line":33,"column":63}},"18":{"start":{"line":34,"column":24},"end":{"line":34,"column":38}},"19":{"start":{"line":35,"column":24},"end":{"line":35,"column":41}},"20":{"start":{"line":36,"column":24},"end":{"line":39,"column":44}},"21":{"start":{"line":37,"column":28},"end":{"line":37,"column":36}},"22":{"start":{"line":39,"column":28},"end":{"line":39,"column":44}},"23":{"start":{"line":40,"column":42},"end":{"line":40,"column":83}},"24":{"start":{"line":41,"column":24},"end":{"line":41,"column":57}},"25":{"start":{"line":42,"column":24},"end":{"line":42,"column":57}},"26":{"start":{"line":45,"column":24},"end":{"line":45,"column":52}},"27":{"start":{"line":46,"column":24},"end":{"line":46,"column":37}},"28":{"start":{"line":50,"column":20},"end":{"line":50,"column":33}},"29":{"start":{"line":53,"column":16},"end":{"line":53,"column":29}},"30":{"start":{"line":57,"column":8},"end":{"line":57,"column":21}},"31":{"start":{"line":59,"column":0},"end":{"line":59,"column":28}}},"fnMap":{"0":{"name":"validate","decl":{"start":{"line":5,"column":9},"end":{"line":5,"column":17}},"loc":{"start":{"line":5,"column":23},"end":{"line":58,"column":1}},"line":5},"1":{"name":"(anonymous_1)","decl":{"start":{"line":14,"column":41},"end":{"line":14,"column":42}},"loc":{"start":{"line":14,"column":46},"end":{"line":14,"column":58}},"line":14}},"branchMap":{"0":{"loc":{"start":{"line":6,"column":4},"end":{"line":57,"column":21}},"type":"if","locations":[{"start":{"line":6,"column":4},"end":{"line":57,"column":21}},{"start":{"line":57,"column":8},"end":{"line":57,"column":21}}],"line":6},"1":{"loc":{"start":{"line":7,"column":8},"end":{"line":54,"column":9}},"type":"if","locations":[{"start":{"line":7,"column":8},"end":{"line":54,"column":9}},{"start":{},"end":{}}],"line":7},"2":{"loc":{"start":{"line":8,"column":12},"end":{"line":53,"column":29}},"type":"if","locations":[{"start":{"line":8,"column":12},"end":{"line":53,"column":29}},{"start":{"line":53,"column":16},"end":{"line":53,"column":29}}],"line":8},"3":{"loc":{"start":{"line":8,"column":16},"end":{"line":8,"column":52}},"type":"binary-expr","locations":[{"start":{"line":8,"column":16},"end":{"line":8,"column":32}},{"start":{"line":8,"column":36},"end":{"line":8,"column":52}}],"line":8},"4":{"loc":{"start":{"line":14,"column":16},"end":{"line":50,"column":33}},"type":"if","locations":[{"start":{"line":14,"column":16},"end":{"line":50,"column":33}},{"start":{"line":50,"column":20},"end":{"line":50,"column":33}}],"line":14},"5":{"loc":{"start":{"line":33,"column":30},"end":{"line":33,"column":62}},"type":"cond-expr","locations":[{"start":{"line":33,"column":43},"end":{"line":33,"column":50}},{"start":{"line":33,"column":53},"end":{"line":33,"column":62}}],"line":33},"6":{"loc":{"start":{"line":36,"column":24},"end":{"line":39,"column":44}},"type":"if","locations":[{"start":{"line":36,"column":24},"end":{"line":39,"column":44}},{"start":{"line":39,"column":28},"end":{"line":39,"column":44}}],"line":36}},"s":{"0":2,"1":2,"2":6,"3":4,"4":4,"5":4,"6":4,"7":26,"8":2,"9":2,"10":2,"11":2,"12":2,"13":18,"14":18,"15":18,"16":2,"17":2,"18":2,"19":2,"20":2,"21":0,"22":2,"23":2,"24":2,"25":2,"26":0,"27":0,"28":2,"29":0,"30":2,"31":2},"f":{"0":6,"1":26},"b":{"0":[4,2],"1":[4,0],"2":[4,0],"3":[4,0],"4":[2,2],"5":[0,2],"6":[0,2]},"inputSourceMap":null,"_coverageSchema":"1a1c01bbd47fc00a2c39e90264f33305004495a9","hash":"db3f3c3918c2255e84eb4f5732c80e20dbba389b"}
}
