TN:
SF:dist\src\exemplo01_ride\Circle.js
FN:4,(anonymous_0)
FN:7,(anonymous_1)
FNF:2
FNH:2
FNDA:1,(anonymous_0)
FNDA:1,(anonymous_1)
DA:2,1
DA:5,1
DA:8,1
DA:11,1
LF:4
LH:4
BRF:0
BRH:0
end_of_record
TN:
SF:dist\src\exemplo01_ride\NormalFareCalculator.js
FN:8,(anonymous_0)
FN:12,(anonymous_1)
FNF:2
FNH:2
FNDA:8,(anonymous_0)
FNDA:3,(anonymous_1)
DA:2,1
DA:9,8
DA:10,8
DA:14,3
DA:15,3
DA:17,0
DA:18,0
DA:19,0
DA:22,1
LF:9
LH:6
BRDA:14,0,0,3
BRDA:14,0,1,0
BRDA:14,1,0,3
BRDA:14,1,1,3
BRDA:17,2,0,0
BRDA:17,2,1,0
BRDA:19,3,0,0
BRDA:19,3,1,0
BRDA:19,4,0,0
BRDA:19,4,1,0
BRF:10
BRH:3
end_of_record
TN:
SF:dist\src\exemplo01_ride\OvernightFareCalculator.js
FN:8,(anonymous_0)
FN:12,(anonymous_1)
FNF:2
FNH:2
FNDA:8,(anonymous_0)
FNDA:7,(anonymous_1)
DA:2,1
DA:9,8
DA:10,8
DA:14,7
DA:15,2
DA:17,5
DA:18,0
DA:19,5
DA:22,1
LF:9
LH:8
BRDA:14,0,0,2
BRDA:14,0,1,5
BRDA:14,1,0,7
BRDA:14,1,1,3
BRDA:17,2,0,0
BRDA:17,2,1,5
BRDA:19,3,0,0
BRDA:19,3,1,5
BRDA:19,4,0,5
BRDA:19,4,1,5
BRF:10
BRH:8
end_of_record
TN:
SF:dist\src\exemplo01_ride\OvernightSundayFareCalculator.js
FN:8,(anonymous_0)
FN:12,(anonymous_1)
FNF:2
FNH:2
FNDA:8,(anonymous_0)
FNDA:5,(anonymous_1)
DA:2,1
DA:9,8
DA:10,8
DA:14,5
DA:15,1
DA:17,4
DA:18,0
DA:19,4
DA:22,1
LF:9
LH:8
BRDA:14,0,0,1
BRDA:14,0,1,4
BRDA:14,1,0,5
BRDA:14,1,1,1
BRDA:17,2,0,0
BRDA:17,2,1,4
BRDA:19,3,0,0
BRDA:19,3,1,4
BRDA:19,4,0,4
BRDA:19,4,1,4
BRF:10
BRH:8
end_of_record
TN:
SF:dist\src\exemplo01_ride\Ride.js
FN:2,(anonymous_0)
FN:8,(anonymous_1)
FN:19,(anonymous_2)
FN:22,(anonymous_3)
FNF:4
FNH:4
FNDA:1,(anonymous_0)
FNDA:8,(anonymous_1)
FNDA:9,(anonymous_2)
FNDA:6,(anonymous_3)
DA:2,1
DA:3,1
DA:5,1
DA:6,1
DA:9,8
DA:10,8
DA:17,8
DA:20,9
DA:23,6
DA:24,6
DA:25,7
DA:27,6
DA:30,1
LF:13
LH:13
BRDA:2,0,0,1
BRDA:2,0,1,1
BRDA:2,0,2,1
BRDA:3,1,0,1
BRDA:3,1,1,0
BRDA:3,2,0,1
BRDA:3,2,1,1
BRDA:27,3,0,5
BRDA:27,3,1,1
BRF:9
BRH:8
end_of_record
TN:
SF:dist\src\exemplo01_ride\Segment.js
FN:4,(anonymous_0)
FN:15,(anonymous_1)
FN:18,(anonymous_2)
FN:21,(anonymous_3)
FN:24,(anonymous_4)
FNF:5
FNH:5
FNDA:9,(anonymous_0)
FNDA:9,(anonymous_1)
FNDA:8,(anonymous_2)
FNDA:16,(anonymous_3)
FNDA:11,(anonymous_4)
DA:2,1
DA:5,9
DA:6,9
DA:7,9
DA:8,9
DA:9,9
DA:10,9
DA:11,1
DA:12,8
DA:13,1
DA:16,9
DA:19,8
DA:22,16
DA:25,11
DA:28,1
LF:15
LH:15
BRDA:10,0,0,1
BRDA:10,0,1,8
BRDA:12,1,0,1
BRDA:12,1,1,7
BRDA:16,2,0,9
BRDA:16,2,1,9
BRDA:16,2,2,9
BRDA:16,2,3,9
BRDA:19,3,0,8
BRDA:19,3,1,8
BRDA:19,3,2,8
BRDA:19,3,3,8
BRDA:22,4,0,16
BRDA:22,4,1,12
BRF:14
BRH:14
end_of_record
TN:
SF:dist\src\exemplo01_ride\SundayFareCalculator.js
FN:8,(anonymous_0)
FN:12,(anonymous_1)
FNF:2
FNH:2
FNDA:8,(anonymous_0)
FNDA:4,(anonymous_1)
DA:2,1
DA:9,8
DA:10,8
DA:14,4
DA:15,1
DA:17,3
DA:18,0
DA:19,3
DA:22,1
LF:9
LH:8
BRDA:14,0,0,1
BRDA:14,0,1,3
BRDA:14,1,0,4
BRDA:14,1,1,1
BRDA:17,2,0,0
BRDA:17,2,1,3
BRDA:19,3,0,0
BRDA:19,3,1,3
BRDA:19,4,0,3
BRDA:19,4,1,3
BRF:10
BRH:8
end_of_record
TN:
SF:dist\src\exemplo01_ride\calculateRide.js
FN:12,isOvernight
FN:15,isSunday
FN:18,isValidDistance
FN:21,isValidDate
FN:24,calculateRide
FNF:5
FNH:5
FNDA:12,isOvernight
FNDA:8,isSunday
FNDA:9,isValidDistance
FNDA:8,isValidDate
FNDA:8,calculateRide
DA:2,1
DA:3,1
DA:5,1
DA:6,1
DA:7,1
DA:8,1
DA:9,1
DA:10,1
DA:11,1
DA:13,12
DA:16,8
DA:19,9
DA:22,8
DA:25,8
DA:26,8
DA:27,9
DA:28,1
DA:29,8
DA:30,1
DA:31,7
DA:32,2
DA:33,2
DA:35,5
DA:36,1
DA:37,1
DA:39,4
DA:40,1
DA:41,1
DA:43,3
DA:45,6
DA:47,1
LF:31
LH:31
BRDA:13,0,0,12
BRDA:13,0,1,8
BRDA:19,1,0,9
BRDA:19,1,1,9
BRDA:19,1,2,9
BRDA:19,1,3,9
BRDA:22,2,0,8
BRDA:22,2,1,8
BRDA:22,2,2,8
BRDA:22,2,3,8
BRDA:27,3,0,1
BRDA:27,3,1,8
BRDA:29,4,0,1
BRDA:29,4,1,7
BRDA:31,5,0,2
BRDA:31,5,1,5
BRDA:31,6,0,7
BRDA:31,6,1,3
BRDA:35,7,0,1
BRDA:35,7,1,4
BRDA:35,8,0,5
BRDA:35,8,1,1
BRDA:39,9,0,1
BRDA:39,9,1,3
BRDA:45,10,0,5
BRDA:45,10,1,1
BRF:26
BRH:26
end_of_record
TN:
SF:dist\src\exemplo02_cpf\before\cpf.js
FN:5,validate
FN:14,(anonymous_1)
FNF:2
FNH:2
FNDA:6,validate
FNDA:26,(anonymous_1)
DA:2,2
DA:3,2
DA:6,6
DA:7,4
DA:8,4
DA:9,4
DA:14,26
DA:15,2
DA:20,2
DA:21,2
DA:22,2
DA:26,18
DA:27,18
DA:28,18
DA:32,2
DA:33,2
DA:34,2
DA:35,2
DA:36,2
DA:37,0
DA:39,2
DA:40,2
DA:41,2
DA:42,2
DA:45,0
DA:46,0
DA:50,2
DA:53,0
DA:57,2
DA:59,2
LF:30
LH:26
BRDA:6,0,0,4
BRDA:6,0,1,2
BRDA:7,1,0,4
BRDA:7,1,1,0
BRDA:8,2,0,4
BRDA:8,2,1,0
BRDA:8,3,0,4
BRDA:8,3,1,0
BRDA:14,4,0,2
BRDA:14,4,1,2
BRDA:33,5,0,0
BRDA:33,5,1,2
BRDA:36,6,0,0
BRDA:36,6,1,2
BRF:14
BRH:9
end_of_record
